# JRE version: OpenJDK Runtime Environment (8.0_152-b01) (build 1.8.0_152-release-1248-b01)
# Java VM: OpenJDK 64-Bit Server VM (25.152-b01 mixed mode windows-amd64 compressed oops)
Heap:
 PSYoungGen      total 122368K, used 34153K [0x00000000e0000000, 0x00000000e9f80000, 0x0000000100000000)
  eden space 103424K, 25% used [0x00000000e0000000,0x00000000e19f1950,0x00000000e6500000)
  from space 18944K, 40% used [0x00000000e6500000,0x00000000e6c68d08,0x00000000e7780000)
  to   space 18432K, 0% used [0x00000000e8d80000,0x00000000e8d80000,0x00000000e9f80000)
 ParOldGen       total 142848K, used 28787K [0x00000000a0000000, 0x00000000a8b80000, 0x00000000e0000000)
  object space 142848K, 20% used [0x00000000a0000000,0x00000000a1c1cef0,0x00000000a8b80000)
 Metaspace       used 65496K, capacity 67384K, committed 67544K, reserved 1107968K
  class space    used 8670K, capacity 9185K, committed 9216K, reserved 1048576K
GC Heap History (10 events):
Event: 29.899 GC heap before
{Heap before GC invocations=14 (full 2):
 PSYoungGen      total 77312K, used 74439K [0x00000000e0000000, 0x00000000e6a00000, 0x0000000100000000)
  eden space 65024K, 100% used [0x00000000e0000000,0x00000000e3f80000,0x00000000e3f80000)
  from space 12288K, 76% used [0x00000000e3f80000,0x00000000e48b1e98,0x00000000e4b80000)
  to   space 12800K, 0% used [0x00000000e5d80000,0x00000000e5d80000,0x00000000e6a00000)
 ParOldGen       total 102912K, used 17035K [0x00000000a0000000, 0x00000000a6480000, 0x00000000e0000000)
  object space 102912K, 16% used [0x00000000a0000000,0x00000000a10a2ea0,0x00000000a6480000)
 Metaspace       used 47811K, capacity 48800K, committed 49024K, reserved 1091584K
  class space    used 6454K, capacity 6773K, committed 6784K, reserved 1048576K
Event: 29.931 GC heap after
Heap after GC invocations=14 (full 2):
 PSYoungGen      total 93696K, used 12784K [0x00000000e0000000, 0x00000000e6e80000, 0x0000000100000000)
  eden space 80896K, 0% used [0x00000000e0000000,0x00000000e0000000,0x00000000e4f00000)
  from space 12800K, 99% used [0x00000000e5d80000,0x00000000e69fc3d8,0x00000000e6a00000)
  to   space 14848K, 0% used [0x00000000e4f00000,0x00000000e4f00000,0x00000000e5d80000)
 ParOldGen       total 102912K, used 17946K [0x00000000a0000000, 0x00000000a6480000, 0x00000000e0000000)
  object space 102912K, 17% used [0x00000000a0000000,0x00000000a1186b80,0x00000000a6480000)
 Metaspace       used 47811K, capacity 48800K, committed 49024K, reserved 1091584K
  class space    used 6454K, capacity 6773K, committed 6784K, reserved 1048576K
}
Event: 32.663 GC heap before
{Heap before GC invocations=15 (full 2):
 PSYoungGen      total 93696K, used 93680K [0x00000000e0000000, 0x00000000e6e80000, 0x0000000100000000)
  eden space 80896K, 100% used [0x00000000e0000000,0x00000000e4f00000,0x00000000e4f00000)
  from space 12800K, 99% used [0x00000000e5d80000,0x00000000e69fc3d8,0x00000000e6a00000)
  to   space 14848K, 0% used [0x00000000e4f00000,0x00000000e4f00000,0x00000000e5d80000)
 ParOldGen       total 102912K, used 17946K [0x00000000a0000000, 0x00000000a6480000, 0x00000000e0000000)
  object space 102912K, 17% used [0x00000000a0000000,0x00000000a1186b80,0x00000000a6480000)
 Metaspace       used 56100K, capacity 57234K, committed 57600K, reserved 1099776K
  class space    used 7485K, capacity 7866K, committed 7936K, reserved 1048576K
Event: 32.694 GC heap after
Heap after GC invocations=15 (full 2):
 PSYoungGen      total 95744K, used 14845K [0x00000000e0000000, 0x00000000e8900000, 0x0000000100000000)
  eden space 80896K, 0% used [0x00000000e0000000,0x00000000e0000000,0x00000000e4f00000)
  from space 14848K, 99% used [0x00000000e4f00000,0x00000000e5d7f5f8,0x00000000e5d80000)
  to   space 17920K, 0% used [0x00000000e7780000,0x00000000e7780000,0x00000000e8900000)
 ParOldGen       total 102912K, used 20830K [0x00000000a0000000, 0x00000000a6480000, 0x00000000e0000000)
  object space 102912K, 20% used [0x00000000a0000000,0x00000000a1457980,0x00000000a6480000)
 Metaspace       used 56100K, capacity 57234K, committed 57600K, reserved 1099776K
  class space    used 7485K, capacity 7866K, committed 7936K, reserved 1048576K
}
Event: 33.572 GC heap before
{Heap before GC invocations=16 (full 2):
 PSYoungGen      total 95744K, used 39096K [0x00000000e0000000, 0x00000000e8900000, 0x0000000100000000)
  eden space 80896K, 29% used [0x00000000e0000000,0x00000000e17aebe8,0x00000000e4f00000)
  from space 14848K, 99% used [0x00000000e4f00000,0x00000000e5d7f5f8,0x00000000e5d80000)
  to   space 17920K, 0% used [0x00000000e7780000,0x00000000e7780000,0x00000000e8900000)
 ParOldGen       total 102912K, used 20830K [0x00000000a0000000, 0x00000000a6480000, 0x00000000e0000000)
  object space 102912K, 20% used [0x00000000a0000000,0x00000000a1457980,0x00000000a6480000)
 Metaspace       used 57752K, capacity 59016K, committed 59096K, reserved 1099776K
  class space    used 7771K, capacity 8160K, committed 8192K, reserved 1048576K
Event: 33.612 GC heap after
Heap after GC invocations=16 (full 2):
 PSYoungGen      total 121344K, used 14395K [0x00000000e0000000, 0x00000000e9280000, 0x0000000100000000)
  eden space 103424K, 0% used [0x00000000e0000000,0x00000000e0000000,0x00000000e6500000)
  from space 17920K, 80% used [0x00000000e7780000,0x00000000e858ed68,0x00000000e8900000)
  to   space 18944K, 0% used [0x00000000e6500000,0x00000000e6500000,0x00000000e7780000)
 ParOldGen       total 102912K, used 20838K [0x00000000a0000000, 0x00000000a6480000, 0x00000000e0000000)
  object space 102912K, 20% used [0x00000000a0000000,0x00000000a1459980,0x00000000a6480000)
 Metaspace       used 57752K, capacity 59016K, committed 59096K, reserved 1099776K
  class space    used 7771K, capacity 8160K, committed 8192K, reserved 1048576K
}
Event: 33.612 GC heap before
{Heap before GC invocations=17 (full 3):
 PSYoungGen      total 121344K, used 14395K [0x00000000e0000000, 0x00000000e9280000, 0x0000000100000000)
  eden space 103424K, 0% used [0x00000000e0000000,0x00000000e0000000,0x00000000e6500000)
  from space 17920K, 80% used [0x00000000e7780000,0x00000000e858ed68,0x00000000e8900000)
  to   space 18944K, 0% used [0x00000000e6500000,0x00000000e6500000,0x00000000e7780000)
 ParOldGen       total 102912K, used 20838K [0x00000000a0000000, 0x00000000a6480000, 0x00000000e0000000)
  object space 102912K, 20% used [0x00000000a0000000,0x00000000a1459980,0x00000000a6480000)
 Metaspace       used 57752K, capacity 59016K, committed 59096K, reserved 1099776K
  class space    used 7771K, capacity 8160K, committed 8192K, reserved 1048576K
Event: 34.125 GC heap after
Heap after GC invocations=17 (full 3):
 PSYoungGen      total 121344K, used 0K [0x00000000e0000000, 0x00000000e9280000, 0x0000000100000000)
  eden space 103424K, 0% used [0x00000000e0000000,0x00000000e0000000,0x00000000e6500000)
  from space 17920K, 0% used [0x00000000e7780000,0x00000000e7780000,0x00000000e8900000)
  to   space 18944K, 0% used [0x00000000e6500000,0x00000000e6500000,0x00000000e7780000)
 ParOldGen       total 142848K, used 28779K [0x00000000a0000000, 0x00000000a8b80000, 0x00000000e0000000)
  object space 142848K, 20% used [0x00000000a0000000,0x00000000a1c1aef0,0x00000000a8b80000)
 Metaspace       used 57752K, capacity 59016K, committed 59096K, reserved 1099776K
  class space    used 7771K, capacity 8160K, committed 8192K, reserved 1048576K
}
Event: 39.252 GC heap before
{Heap before GC invocations=18 (full 3):
 PSYoungGen      total 121344K, used 103424K [0x00000000e0000000, 0x00000000e9280000, 0x0000000100000000)
  eden space 103424K, 100% used [0x00000000e0000000,0x00000000e6500000,0x00000000e6500000)
  from space 17920K, 0% used [0x00000000e7780000,0x00000000e7780000,0x00000000e8900000)
  to   space 18944K, 0% used [0x00000000e6500000,0x00000000e6500000,0x00000000e7780000)
 ParOldGen       total 142848K, used 28779K [0x00000000a0000000, 0x00000000a8b80000, 0x00000000e0000000)
  object space 142848K, 20% used [0x00000000a0000000,0x00000000a1c1aef0,0x00000000a8b80000)
 Metaspace       used 63080K, capacity 64894K, committed 65112K, reserved 1105920K
  class space    used 8507K, capacity 9010K, committed 9088K, reserved 1048576K
Event: 39.274 GC heap after
Heap after GC invocations=18 (full 3):
 PSYoungGen      total 122368K, used 7587K [0x00000000e0000000, 0x00000000e9f80000, 0x0000000100000000)
  eden space 103424K, 0% used [0x00000000e0000000,0x00000000e0000000,0x00000000e6500000)
  from space 18944K, 40% used [0x00000000e6500000,0x00000000e6c68d08,0x00000000e7780000)
  to   space 18432K, 0% used [0x00000000e8d80000,0x00000000e8d80000,0x00000000e9f80000)
 ParOldGen       total 142848K, used 28787K [0x00000000a0000000, 0x00000000a8b80000, 0x00000000e0000000)
  object space 142848K, 20% used [0x00000000a0000000,0x00000000a1c1cef0,0x00000000a8b80000)
 Metaspace       used 63080K, capacity 64894K, committed 65112K, reserved 1105920K
  class space    used 8507K, capacity 9010K, committed 9088K, reserved 1048576K
}

